<?xml version="1.0" encoding="UTF-8"?>
<robot generator="Robot 5.0.1 (Python 3.8.0 on win32)" generated="20220622 00:23:52.739" rpa="false" schemaversion="3">
<suite id="s1" name="Login" source="C:\Users\Wahyu Nugraha\Documents\LoginUsingRobot\login.robot">
<test id="s1-t1" name="I login with valid Email adn valid Password" line="15">
<kw name="Open Browser" library="SeleniumLibrary" type="SETUP">
<arg>${base_url}</arg>
<arg>${browser_type}</arg>
<doc>Opens a new browser instance to the optional ``url``.</doc>
<msg timestamp="20220622 00:23:52.978" level="INFO">Opening browser 'Chrome' to base url 'https://pub-eish-dev.keponet.com/frontend/login'.</msg>
<status status="PASS" starttime="20220622 00:23:52.978" endtime="20220622 00:23:55.714"/>
</kw>
<kw name="Maximize Browser Window" library="SeleniumLibrary">
<doc>Maximizes current browser window.</doc>
<status status="PASS" starttime="20220622 00:23:55.715" endtime="20220622 00:23:55.858"/>
</kw>
<kw name="Input Text" library="SeleniumLibrary">
<arg>//input[@id="email"]</arg>
<arg>${email_user}</arg>
<doc>Types the given ``text`` into the text field identified by ``locator``.</doc>
<msg timestamp="20220622 00:23:55.869" level="INFO">Typing text 'jenareishsatu@yopmail.com' into text field '//input[@id="email"]'.</msg>
<status status="PASS" starttime="20220622 00:23:55.864" endtime="20220622 00:23:56.133"/>
</kw>
<kw name="Input Text" library="SeleniumLibrary">
<arg>//input[@id="password"]</arg>
<arg>${password_user}</arg>
<doc>Types the given ``text`` into the text field identified by ``locator``.</doc>
<msg timestamp="20220622 00:23:56.134" level="INFO">Typing text '12345678' into text field '//input[@id="password"]'.</msg>
<status status="PASS" starttime="20220622 00:23:56.134" endtime="20220622 00:23:56.231"/>
</kw>
<kw name="Click Element" library="SeleniumLibrary">
<arg>//button[@type="submit"]</arg>
<doc>Click the element identified by ``locator``.</doc>
<msg timestamp="20220622 00:23:56.232" level="INFO">Clicking element '//button[@type="submit"]'.</msg>
<status status="PASS" starttime="20220622 00:23:56.232" endtime="20220622 00:23:56.572"/>
</kw>
<kw name="Element Should Be Visible" library="SeleniumLibrary">
<arg>//img[@id="menu-logo"]</arg>
<doc>Verifies that the element identified by ``locator`` is visible.</doc>
<msg timestamp="20220622 00:23:56.594" level="INFO">Element '//img[@id="menu-logo"]' is displayed.</msg>
<status status="PASS" starttime="20220622 00:23:56.572" endtime="20220622 00:23:56.594"/>
</kw>
<kw name="Sleep" library="BuiltIn">
<arg>2s</arg>
<doc>Pauses the test executed for the given time.</doc>
<msg timestamp="20220622 00:23:58.595" level="INFO">Slept 2 seconds</msg>
<status status="PASS" starttime="20220622 00:23:56.594" endtime="20220622 00:23:58.595"/>
</kw>
<kw name="Close Browser" library="SeleniumLibrary" type="TEARDOWN">
<doc>Closes the current browser.</doc>
<status status="PASS" starttime="20220622 00:23:58.595" endtime="20220622 00:24:01.015"/>
</kw>
<status status="PASS" starttime="20220622 00:23:52.976" endtime="20220622 00:24:01.015"/>
</test>
<test id="s1-t2" name="I login with invalid Email but valid Password" line="23">
<kw name="Open Browser" library="SeleniumLibrary" type="SETUP">
<arg>${base_url}</arg>
<arg>${browser_type}</arg>
<doc>Opens a new browser instance to the optional ``url``.</doc>
<msg timestamp="20220622 00:24:01.021" level="INFO">Opening browser 'Chrome' to base url 'https://pub-eish-dev.keponet.com/frontend/login'.</msg>
<status status="PASS" starttime="20220622 00:24:01.020" endtime="20220622 00:24:03.639"/>
</kw>
<kw name="Maximize Browser Window" library="SeleniumLibrary">
<doc>Maximizes current browser window.</doc>
<status status="PASS" starttime="20220622 00:24:03.641" endtime="20220622 00:24:03.786"/>
</kw>
<kw name="Input Text" library="SeleniumLibrary">
<arg>//input[@id="email"]</arg>
<arg>${invalid_email}</arg>
<doc>Types the given ``text`` into the text field identified by ``locator``.</doc>
<msg timestamp="20220622 00:24:03.787" level="INFO">Typing text 'liliana@ymail.com' into text field '//input[@id="email"]'.</msg>
<status status="PASS" starttime="20220622 00:24:03.786" endtime="20220622 00:24:04.025"/>
</kw>
<kw name="Input Text" library="SeleniumLibrary">
<arg>//input[@id="password"]</arg>
<arg>${password_user}</arg>
<doc>Types the given ``text`` into the text field identified by ``locator``.</doc>
<msg timestamp="20220622 00:24:04.026" level="INFO">Typing text '12345678' into text field '//input[@id="password"]'.</msg>
<status status="PASS" starttime="20220622 00:24:04.025" endtime="20220622 00:24:04.112"/>
</kw>
<kw name="Click Element" library="SeleniumLibrary">
<arg>//button[@type="submit"]</arg>
<doc>Click the element identified by ``locator``.</doc>
<msg timestamp="20220622 00:24:04.113" level="INFO">Clicking element '//button[@type="submit"]'.</msg>
<status status="PASS" starttime="20220622 00:24:04.113" endtime="20220622 00:24:04.314"/>
</kw>
<kw name="Element Should Not Be Visible" library="SeleniumLibrary">
<arg>//img[@id="menu-logo"]</arg>
<doc>Verifies that the element identified by ``locator`` is NOT visible.</doc>
<msg timestamp="20220622 00:24:04.329" level="INFO">Element '//img[@id="menu-logo"]' did not exist.</msg>
<status status="PASS" starttime="20220622 00:24:04.315" endtime="20220622 00:24:04.329"/>
</kw>
<kw name="Sleep" library="BuiltIn">
<arg>4s</arg>
<doc>Pauses the test executed for the given time.</doc>
<msg timestamp="20220622 00:24:08.336" level="INFO">Slept 4 seconds</msg>
<status status="PASS" starttime="20220622 00:24:04.330" endtime="20220622 00:24:08.336"/>
</kw>
<kw name="Close Browser" library="SeleniumLibrary" type="TEARDOWN">
<doc>Closes the current browser.</doc>
<status status="PASS" starttime="20220622 00:24:08.336" endtime="20220622 00:24:10.717"/>
</kw>
<status status="PASS" starttime="20220622 00:24:01.018" endtime="20220622 00:24:10.717"/>
</test>
<test id="s1-t3" name="I login with valid Email but invalid Password" line="31">
<kw name="Open Browser" library="SeleniumLibrary" type="SETUP">
<arg>${base_url}</arg>
<arg>${browser_type}</arg>
<doc>Opens a new browser instance to the optional ``url``.</doc>
<msg timestamp="20220622 00:24:10.733" level="INFO">Opening browser 'Chrome' to base url 'https://pub-eish-dev.keponet.com/frontend/login'.</msg>
<status status="PASS" starttime="20220622 00:24:10.717" endtime="20220622 00:24:13.708"/>
</kw>
<kw name="Maximize Browser Window" library="SeleniumLibrary">
<doc>Maximizes current browser window.</doc>
<status status="PASS" starttime="20220622 00:24:13.712" endtime="20220622 00:24:13.929"/>
</kw>
<kw name="Input Text" library="SeleniumLibrary">
<arg>//input[@id="email"]</arg>
<arg>${email_user}</arg>
<doc>Types the given ``text`` into the text field identified by ``locator``.</doc>
<msg timestamp="20220622 00:24:13.948" level="INFO">Typing text 'jenareishsatu@yopmail.com' into text field '//input[@id="email"]'.</msg>
<status status="PASS" starttime="20220622 00:24:13.940" endtime="20220622 00:24:14.139"/>
</kw>
<kw name="Input Text" library="SeleniumLibrary">
<arg>//input[@id="password"]</arg>
<arg>${invalid_password}</arg>
<doc>Types the given ``text`` into the text field identified by ``locator``.</doc>
<msg timestamp="20220622 00:24:14.142" level="INFO">Typing text '11111111' into text field '//input[@id="password"]'.</msg>
<status status="PASS" starttime="20220622 00:24:14.141" endtime="20220622 00:24:14.219"/>
</kw>
<kw name="Click Element" library="SeleniumLibrary">
<arg>//button[@type="submit"]</arg>
<doc>Click the element identified by ``locator``.</doc>
<msg timestamp="20220622 00:24:14.220" level="INFO">Clicking element '//button[@type="submit"]'.</msg>
<status status="PASS" starttime="20220622 00:24:14.219" endtime="20220622 00:24:14.522"/>
</kw>
<kw name="Element Should Be Visible" library="SeleniumLibrary">
<arg>//div[@class="alert alert-danger text-danger"]</arg>
<doc>Verifies that the element identified by ``locator`` is visible.</doc>
<msg timestamp="20220622 00:24:14.559" level="INFO">Element '//div[@class="alert alert-danger text-danger"]' is displayed.</msg>
<status status="PASS" starttime="20220622 00:24:14.523" endtime="20220622 00:24:14.559"/>
</kw>
<kw name="Sleep" library="BuiltIn">
<arg>2s</arg>
<doc>Pauses the test executed for the given time.</doc>
<msg timestamp="20220622 00:24:16.570" level="INFO">Slept 2 seconds</msg>
<status status="PASS" starttime="20220622 00:24:14.559" endtime="20220622 00:24:16.570"/>
</kw>
<kw name="Close Browser" library="SeleniumLibrary" type="TEARDOWN">
<doc>Closes the current browser.</doc>
<status status="PASS" starttime="20220622 00:24:16.570" endtime="20220622 00:24:18.983"/>
</kw>
<status status="PASS" starttime="20220622 00:24:10.717" endtime="20220622 00:24:18.983"/>
</test>
<test id="s1-t4" name="I login with invalid Email but invalid Password" line="39">
<kw name="Open Browser" library="SeleniumLibrary" type="SETUP">
<arg>${base_url}</arg>
<arg>${browser_type}</arg>
<doc>Opens a new browser instance to the optional ``url``.</doc>
<msg timestamp="20220622 00:24:19.002" level="INFO">Opening browser 'Chrome' to base url 'https://pub-eish-dev.keponet.com/frontend/login'.</msg>
<status status="PASS" starttime="20220622 00:24:18.997" endtime="20220622 00:24:22.734"/>
</kw>
<kw name="Maximize Browser Window" library="SeleniumLibrary">
<doc>Maximizes current browser window.</doc>
<status status="PASS" starttime="20220622 00:24:22.736" endtime="20220622 00:24:22.932"/>
</kw>
<kw name="Input Text" library="SeleniumLibrary">
<arg>//input[@id="email"]</arg>
<arg>${invalid_email}</arg>
<doc>Types the given ``text`` into the text field identified by ``locator``.</doc>
<msg timestamp="20220622 00:24:22.939" level="INFO">Typing text 'liliana@ymail.com' into text field '//input[@id="email"]'.</msg>
<status status="PASS" starttime="20220622 00:24:22.936" endtime="20220622 00:24:23.147"/>
</kw>
<kw name="Input Text" library="SeleniumLibrary">
<arg>//input[@id="password"]</arg>
<arg>${invalid_password}</arg>
<doc>Types the given ``text`` into the text field identified by ``locator``.</doc>
<msg timestamp="20220622 00:24:23.148" level="INFO">Typing text '11111111' into text field '//input[@id="password"]'.</msg>
<status status="PASS" starttime="20220622 00:24:23.148" endtime="20220622 00:24:23.247"/>
</kw>
<kw name="Click Element" library="SeleniumLibrary">
<arg>//button[@type="submit"]</arg>
<doc>Click the element identified by ``locator``.</doc>
<msg timestamp="20220622 00:24:23.248" level="INFO">Clicking element '//button[@type="submit"]'.</msg>
<status status="PASS" starttime="20220622 00:24:23.248" endtime="20220622 00:24:23.519"/>
</kw>
<kw name="Element Should Not Be Visible" library="SeleniumLibrary">
<arg>//img[@id="menu-logo"]</arg>
<doc>Verifies that the element identified by ``locator`` is NOT visible.</doc>
<msg timestamp="20220622 00:24:23.533" level="INFO">Element '//img[@id="menu-logo"]' did not exist.</msg>
<status status="PASS" starttime="20220622 00:24:23.520" endtime="20220622 00:24:23.533"/>
</kw>
<kw name="Sleep" library="BuiltIn">
<arg>2s</arg>
<doc>Pauses the test executed for the given time.</doc>
<msg timestamp="20220622 00:24:25.546" level="INFO">Slept 2 seconds</msg>
<status status="PASS" starttime="20220622 00:24:23.533" endtime="20220622 00:24:25.546"/>
</kw>
<kw name="Close Browser" library="SeleniumLibrary" type="TEARDOWN">
<doc>Closes the current browser.</doc>
<status status="PASS" starttime="20220622 00:24:25.546" endtime="20220622 00:24:27.896"/>
</kw>
<status status="PASS" starttime="20220622 00:24:18.994" endtime="20220622 00:24:27.896"/>
</test>
<test id="s1-t5" name="I login without email and password" line="47">
<kw name="Open Browser" library="SeleniumLibrary" type="SETUP">
<arg>${base_url}</arg>
<arg>${browser_type}</arg>
<doc>Opens a new browser instance to the optional ``url``.</doc>
<msg timestamp="20220622 00:24:27.906" level="INFO">Opening browser 'Chrome' to base url 'https://pub-eish-dev.keponet.com/frontend/login'.</msg>
<status status="PASS" starttime="20220622 00:24:27.904" endtime="20220622 00:24:30.721"/>
</kw>
<kw name="Maximize Browser Window" library="SeleniumLibrary">
<doc>Maximizes current browser window.</doc>
<status status="PASS" starttime="20220622 00:24:30.722" endtime="20220622 00:24:30.875"/>
</kw>
<kw name="Click Element" library="SeleniumLibrary">
<arg>//button[@type="submit"]</arg>
<doc>Click the element identified by ``locator``.</doc>
<msg timestamp="20220622 00:24:30.889" level="INFO">Clicking element '//button[@type="submit"]'.</msg>
<status status="PASS" starttime="20220622 00:24:30.885" endtime="20220622 00:24:31.113"/>
</kw>
<kw name="Element Should Not Be Visible" library="SeleniumLibrary">
<arg>//img[@id="menu-logo"]</arg>
<doc>Verifies that the element identified by ``locator`` is NOT visible.</doc>
<msg timestamp="20220622 00:24:31.140" level="INFO">Element '//img[@id="menu-logo"]' did not exist.</msg>
<status status="PASS" starttime="20220622 00:24:31.113" endtime="20220622 00:24:31.140"/>
</kw>
<kw name="Sleep" library="BuiltIn">
<arg>2s</arg>
<doc>Pauses the test executed for the given time.</doc>
<msg timestamp="20220622 00:24:33.152" level="INFO">Slept 2 seconds</msg>
<status status="PASS" starttime="20220622 00:24:31.140" endtime="20220622 00:24:33.154"/>
</kw>
<kw name="Close Browser" library="SeleniumLibrary" type="TEARDOWN">
<doc>Closes the current browser.</doc>
<status status="PASS" starttime="20220622 00:24:33.158" endtime="20220622 00:24:35.605"/>
</kw>
<status status="PASS" starttime="20220622 00:24:27.902" endtime="20220622 00:24:35.606"/>
</test>
<status status="PASS" starttime="20220622 00:23:52.739" endtime="20220622 00:24:35.614"/>
</suite>
<statistics>
<total>
<stat pass="5" fail="0" skip="0">All Tests</stat>
</total>
<tag>
</tag>
<suite>
<stat pass="5" fail="0" skip="0" id="s1" name="Login">Login</stat>
</suite>
</statistics>
<errors>
</errors>
</robot>
